Using pre-set license
Built from '2021.3/staging' branch; Version is '2021.3.25f1 (68ef2c4f8861) revision 6876972'; Using compiler version '192829333'; Build Type 'Release'
OS: 'Windows 11  (10.0.26100) 64bit Core' Language: 'en' Physical Memory: 23868 MB
BatchMode: 1, IsHumanControllingUs: 0, StartBugReporterOnCrash: 0, Is64bit: 1, IsPro: 1

COMMAND LINE ARGUMENTS:
C:\Program Files\Unity\Hub\Editor\2021.3.25f1\Editor\Unity.exe
-adb2
-batchMode
-noUpm
-name
AssetImportWorker0
-projectPath
C:/Users/elija/OneDrive/Documents/GitHub/cm2-unity1-module2-template
-logFile
Logs/AssetImportWorker0.log
-srvPort
49852
Successfully changed project path to: C:/Users/elija/OneDrive/Documents/GitHub/cm2-unity1-module2-template
C:/Users/elija/OneDrive/Documents/GitHub/cm2-unity1-module2-template
[UnityMemory] Configuration Parameters - Can be set up in boot.config
    "memorysetup-bucket-allocator-granularity=16"
    "memorysetup-bucket-allocator-bucket-count=8"
    "memorysetup-bucket-allocator-block-size=33554432"
    "memorysetup-bucket-allocator-block-count=8"
    "memorysetup-main-allocator-block-size=16777216"
    "memorysetup-thread-allocator-block-size=16777216"
    "memorysetup-gfx-main-allocator-block-size=16777216"
    "memorysetup-gfx-thread-allocator-block-size=16777216"
    "memorysetup-cache-allocator-block-size=4194304"
    "memorysetup-typetree-allocator-block-size=2097152"
    "memorysetup-profiler-bucket-allocator-granularity=16"
    "memorysetup-profiler-bucket-allocator-bucket-count=8"
    "memorysetup-profiler-bucket-allocator-block-size=33554432"
    "memorysetup-profiler-bucket-allocator-block-count=8"
    "memorysetup-profiler-allocator-block-size=16777216"
    "memorysetup-profiler-editor-allocator-block-size=1048576"
    "memorysetup-temp-allocator-size-main=16777216"
    "memorysetup-job-temp-allocator-block-size=2097152"
    "memorysetup-job-temp-allocator-block-size-background=1048576"
    "memorysetup-job-temp-allocator-reduction-small-platforms=262144"
    "memorysetup-temp-allocator-size-background-worker=32768"
    "memorysetup-temp-allocator-size-job-worker=262144"
    "memorysetup-temp-allocator-size-preload-manager=33554432"
    "memorysetup-temp-allocator-size-nav-mesh-worker=65536"
    "memorysetup-temp-allocator-size-audio-worker=65536"
    "memorysetup-temp-allocator-size-cloud-worker=32768"
    "memorysetup-temp-allocator-size-gi-baking-worker=262144"
    "memorysetup-temp-allocator-size-gfx=262144"
Player connection [23716] Host "[IP] 10.150.89.155 [Port] 0 [Flags] 2 [Guid] 1101779356 [EditorId] 1101779356 [Version] 1048832 [Id] WindowsEditor(7,Elijah-Nitro) [Debug] 1 [PackageName] WindowsEditor [ProjectName] Editor" joined multi-casting on [225.0.0.222:54997]...

Player connection [23716] Host "[IP] 10.150.89.155 [Port] 0 [Flags] 2 [Guid] 1101779356 [EditorId] 1101779356 [Version] 1048832 [Id] WindowsEditor(7,Elijah-Nitro) [Debug] 1 [PackageName] WindowsEditor [ProjectName] Editor" joined alternative multi-casting on [225.0.0.222:34997]...

Refreshing native plugins compatible for Editor in 36.53 ms, found 2 plugins.
Preloading 0 native plugins for Editor in 0.00 ms.
Initialize engine version: 2021.3.25f1 (68ef2c4f8861)
[Subsystems] Discovering subsystems at path C:/Program Files/Unity/Hub/Editor/2021.3.25f1/Editor/Data/Resources/UnitySubsystems
[Subsystems] Discovering subsystems at path C:/Users/elija/OneDrive/Documents/GitHub/cm2-unity1-module2-template/Assets
GfxDevice: creating device client; threaded=0; jobified=0
Direct3D:
    Version:  Direct3D 11.0 [level 11.1]
    Renderer: NVIDIA GeForce RTX 3050 6GB Laptop GPU (ID=0x25ac)
    Vendor:   NVIDIA
    VRAM:     6002 MB
    Driver:   31.0.15.5176
Initialize mono
Mono path[0] = 'C:/Program Files/Unity/Hub/Editor/2021.3.25f1/Editor/Data/Managed'
Mono path[1] = 'C:/Program Files/Unity/Hub/Editor/2021.3.25f1/Editor/Data/MonoBleedingEdge/lib/mono/unityjit-win32'
Mono config path = 'C:/Program Files/Unity/Hub/Editor/2021.3.25f1/Editor/Data/MonoBleedingEdge/etc'
Using monoOptions --debugger-agent=transport=dt_socket,embedding=1,server=y,suspend=n,address=127.0.0.1:56404
Begin MonoManager ReloadAssembly
Registering precompiled unity dll's ...
Register platform support module: C:/Program Files/Unity/Hub/Editor/2021.3.25f1/Editor/Data/PlaybackEngines/WindowsStandaloneSupport/UnityEditor.WindowsStandalone.Extensions.dll
Registered in 0.008299 seconds.
Native extension for WindowsStandalone target not found
Refreshing native plugins compatible for Editor in 38.58 ms, found 2 plugins.
Preloading 0 native plugins for Editor in 0.00 ms.
Mono: successfully reloaded assembly
- Completed reload, in  0.953 seconds
Domain Reload Profiling:
	ReloadAssembly (953ms)
		BeginReloadAssembly (142ms)
			ExecutionOrderSort (0ms)
			DisableScriptedObjects (0ms)
			BackupInstance (0ms)
			ReleaseScriptingObjects (0ms)
			CreateAndSetChildDomain (1ms)
		EndReloadAssembly (653ms)
			LoadAssemblies (135ms)
			RebuildTransferFunctionScriptingTraits (0ms)
			SetupTypeCache (161ms)
			ReleaseScriptCaches (0ms)
			RebuildScriptCaches (39ms)
			SetupLoadedEditorAssemblies (376ms)
				LogAssemblyErrors (0ms)
				InitializePlatformSupportModulesInManaged (11ms)
				SetLoadedEditorAssemblies (0ms)
				RefreshPlugins (39ms)
				BeforeProcessingInitializeOnLoad (2ms)
				ProcessInitializeOnLoadAttributes (249ms)
				ProcessInitializeOnLoadMethodAttributes (75ms)
				AfterProcessingInitializeOnLoad (0ms)
				EditorAssembliesLoaded (0ms)
			ExecutionOrderSort2 (0ms)
			AwakeInstancesAfterBackupRestoration (0ms)
Platform modules already initialized, skipping
Registering precompiled user dll's ...
Registered in 0.004803 seconds.
Begin MonoManager ReloadAssembly
Native extension for WindowsStandalone target not found
Refreshing native plugins compatible for Editor in 0.64 ms, found 2 plugins.
Preloading 0 native plugins for Editor in 0.00 ms.
Mono: successfully reloaded assembly
- Completed reload, in  1.278 seconds
Domain Reload Profiling:
	ReloadAssembly (1279ms)
		BeginReloadAssembly (167ms)
			ExecutionOrderSort (0ms)
			DisableScriptedObjects (8ms)
			BackupInstance (0ms)
			ReleaseScriptingObjects (0ms)
			CreateAndSetChildDomain (25ms)
		EndReloadAssembly (932ms)
			LoadAssemblies (115ms)
			RebuildTransferFunctionScriptingTraits (0ms)
			SetupTypeCache (264ms)
			ReleaseScriptCaches (0ms)
			RebuildScriptCaches (60ms)
			SetupLoadedEditorAssemblies (455ms)
				LogAssemblyErrors (0ms)
				InitializePlatformSupportModulesInManaged (11ms)
				SetLoadedEditorAssemblies (1ms)
				RefreshPlugins (1ms)
				BeforeProcessingInitializeOnLoad (84ms)
				ProcessInitializeOnLoadAttributes (323ms)
				ProcessInitializeOnLoadMethodAttributes (26ms)
				AfterProcessingInitializeOnLoad (9ms)
				EditorAssembliesLoaded (0ms)
			ExecutionOrderSort2 (0ms)
			AwakeInstancesAfterBackupRestoration (10ms)
Platform modules already initialized, skipping
========================================================================
Worker process is ready to serve import requests
Launched and connected shader compiler UnityShaderCompiler.exe after 0.07 seconds
Refreshing native plugins compatible for Editor in 0.39 ms, found 2 plugins.
Preloading 0 native plugins for Editor in 0.00 ms.
Unloading 1368 Unused Serialized files (Serialized files now loaded: 0)
Unloading 16 unused Assets / (56.2 KB). Loaded Objects now: 1837.
Memory consumption went from 65.2 MB to 65.1 MB.
Total: 4.013800 ms (FindLiveObjects: 0.186800 ms CreateObjectMapping: 0.050700 ms MarkObjects: 3.679200 ms  DeleteObjects: 0.095600 ms)

AssetImportParameters requested are different than current active one (requested -> active):
  custom:video-decoder-ogg-theora: a1e56fd34408186e4bbccfd4996cb3dc -> 
  custom:container-muxer-webm: aa71ff27fc2769a1b78a27578f13a17b -> 
  custom:container-demuxer-webm: 4f35f7cbe854078d1ac9338744f61a02 -> 
  custom:video-encoder-webm-vp8: eb34c28f22e8b96e1ab97ce403110664 -> 
  custom:audio-encoder-webm-vorbis: bf7c407c2cedff20999df2af8eb42d56 -> 
  custom:framework-win-MediaFoundation: 216162199b28c13a410421893ffa2e32 -> 
  custom:container-demuxer-ogg: 62fdf1f143b41e24485cea50d1cbac27 -> 
  custom:video-decoder-webm-vp8: 9c59270c3fd7afecdb556c50c9e8de78 -> 
  custom:audio-decoder-ogg-vorbis: bf7c407c2cedff20999df2af8eb42d56 -> 
========================================================================
Received Import Request.
  Time since last request: 331.794981 seconds.
  path: Assets/Scenes/Lesson 2-5.unity
  artifactKey: Guid(b0b1f4baa9c384382b81c35c4d9f0a30) Importer(815301076,1909f56bfc062723c751e8b465ee728b)
Start importing Assets/Scenes/Lesson 2-5.unity using Guid(b0b1f4baa9c384382b81c35c4d9f0a30) Importer(815301076,1909f56bfc062723c751e8b465ee728b)  -> (artifact id: 'a3a1a155082448e87e3792e11a25f313') in 0.022979 seconds 
========================================================================
Received Import Request.
  Time since last request: 257.246452 seconds.
  path: Assets/Scenes/Lessons
  artifactKey: Guid(e7e4f9fdbb02bfe4cadd227e8519a581) Importer(815301076,1909f56bfc062723c751e8b465ee728b)
Start importing Assets/Scenes/Lessons using Guid(e7e4f9fdbb02bfe4cadd227e8519a581) Importer(815301076,1909f56bfc062723c751e8b465ee728b)  -> (artifact id: 'c294eaf3927bc6093cc56fc26d271031') in 0.022564 seconds 
========================================================================
Received Import Request.
  Time since last request: 11.315304 seconds.
  path: Assets/Scenes/New Folder
  artifactKey: Guid(2add5ed45cdc5dc4c92530e9f5685b6d) Importer(815301076,1909f56bfc062723c751e8b465ee728b)
Start importing Assets/Scenes/New Folder using Guid(2add5ed45cdc5dc4c92530e9f5685b6d) Importer(815301076,1909f56bfc062723c751e8b465ee728b)  -> (artifact id: '317a6939f6248a8899cba5cf765ed81a') in 0.023114 seconds 
========================================================================
Received Import Request.
  Time since last request: 21.831775 seconds.
  path: Assets/Scenes/Lessons/Lesson 2-5.unity
  artifactKey: Guid(b0b1f4baa9c384382b81c35c4d9f0a30) Importer(815301076,1909f56bfc062723c751e8b465ee728b)
Start importing Assets/Scenes/Lessons/Lesson 2-5.unity using Guid(b0b1f4baa9c384382b81c35c4d9f0a30) Importer(815301076,1909f56bfc062723c751e8b465ee728b)  -> (artifact id: 'c1f975eedda78c08e1daa198847ce3b0') in 0.007757 seconds 
========================================================================
Received Import Request.
  Time since last request: 9.798940 seconds.
  path: Assets/Scenes/Templates
  artifactKey: Guid(e7e4f9fdbb02bfe4cadd227e8519a581) Importer(815301076,1909f56bfc062723c751e8b465ee728b)
Start importing Assets/Scenes/Templates using Guid(e7e4f9fdbb02bfe4cadd227e8519a581) Importer(815301076,1909f56bfc062723c751e8b465ee728b)  -> (artifact id: '606684faa6007559fc413bcf32748c8b') in 0.019557 seconds 
========================================================================
Received Import Request.
  Time since last request: 26.382884 seconds.
  path: Assets/Materials/Wood.mat
  artifactKey: Guid(73069a3c3d22f2b40ae249bd1043b869) Importer(815301076,1909f56bfc062723c751e8b465ee728b)
Start importing Assets/Materials/Wood.mat using Guid(73069a3c3d22f2b40ae249bd1043b869) Importer(815301076,1909f56bfc062723c751e8b465ee728b)  -> (artifact id: 'dd0f156beb6d732ee4b03ac4daf121f3') in 0.290965 seconds 
========================================================================
Received Import Request.
  Time since last request: 1.543212 seconds.
  path: Assets/Materials/Textures
  artifactKey: Guid(8d1f7842a3a0f4e93a8129a44297be43) Importer(815301076,1909f56bfc062723c751e8b465ee728b)
Start importing Assets/Materials/Textures using Guid(8d1f7842a3a0f4e93a8129a44297be43) Importer(815301076,1909f56bfc062723c751e8b465ee728b)  -> (artifact id: '70227babe2588eb3f0569a5a3d12ecbe') in 0.022841 seconds 
========================================================================
Received Import Request.
  Time since last request: 2.321303 seconds.
  path: Assets/Materials/Textures/RustyMetalPattern
  artifactKey: Guid(4b5389092d33d45fdb89e802346b8e59) Importer(815301076,1909f56bfc062723c751e8b465ee728b)
Start importing Assets/Materials/Textures/RustyMetalPattern using Guid(4b5389092d33d45fdb89e802346b8e59) Importer(815301076,1909f56bfc062723c751e8b465ee728b)  -> (artifact id: '975f61b79bbba17cdf41831d9f07e2a1') in 0.026122 seconds 
========================================================================
Received Import Request.
  Time since last request: 0.007611 seconds.
  path: Assets/Materials/Textures/RustyMetalPattern/Rusty_Metal_ambientOcclusion.png
  artifactKey: Guid(e996ded935aa24df4bf95ff9d81a402a) Importer(815301076,1909f56bfc062723c751e8b465ee728b)
Start importing Assets/Materials/Textures/RustyMetalPattern/Rusty_Metal_ambientOcclusion.png using Guid(e996ded935aa24df4bf95ff9d81a402a) Importer(815301076,1909f56bfc062723c751e8b465ee728b)  -> (artifact id: 'f691447c1652601763b740ee10c66208') in 0.121171 seconds 
========================================================================
Received Import Request.
  Time since last request: 0.000021 seconds.
  path: Assets/Materials/Textures/RustyMetalPattern/Rusty_Metal_metallic.png
  artifactKey: Guid(ddc52cf0b92024989b32be45fd274ae4) Importer(815301076,1909f56bfc062723c751e8b465ee728b)
Start importing Assets/Materials/Textures/RustyMetalPattern/Rusty_Metal_metallic.png using Guid(ddc52cf0b92024989b32be45fd274ae4) Importer(815301076,1909f56bfc062723c751e8b465ee728b)  -> (artifact id: '6685f38b81c3a7176a14985e31a569eb') in 0.037531 seconds 
========================================================================
Received Import Request.
  Time since last request: 0.000036 seconds.
  path: Assets/Materials/Textures/RustyMetalPattern/Rusty_Metal_normal.png
  artifactKey: Guid(74f9ab863a33747a5b515bc219d0a870) Importer(815301076,1909f56bfc062723c751e8b465ee728b)
Start importing Assets/Materials/Textures/RustyMetalPattern/Rusty_Metal_normal.png using Guid(74f9ab863a33747a5b515bc219d0a870) Importer(815301076,1909f56bfc062723c751e8b465ee728b)  -> (artifact id: '5006bacd8486f009c8984f9acc7e8418') in 0.048909 seconds 
Editor requested this worker to shutdown with reason: Scaling down because of idle timeout
AssetImportWorker is now disconnected from the server
Process exiting
Exiting without the bug reporter. Application will terminate with return code 0